Base path: F:/apps/programming/Unity/Data
Pipe name: \\.\pipe\UnityShaderCompiler-3-1340
Cmd: getPlatforms
Cmd: compileSnippet
  api=0 type=0 insize=5040 outsize=440 kw=DIRECTIONAL SHADOWS_OFF LIGHTMAP_ON DIRLIGHTMAP_OFF ok=1
Cmd: compileSnippet
  api=1 type=0 insize=5040 outsize=230 kw=DIRECTIONAL SHADOWS_OFF LIGHTMAP_ON DIRLIGHTMAP_ON ok=1
Cmd: compileSnippet
  api=4 type=0 insize=5040 outsize=2997 kw=DIRECTIONAL SHADOWS_SCREEN LIGHTMAP_OFF DIRLIGHTMAP_OFF ok=1
Cmd: compileSnippet
  api=1 type=0 insize=5040 outsize=380 kw=DIRECTIONAL SHADOWS_SCREEN LIGHTMAP_ON DIRLIGHTMAP_OFF ok=1
Cmd: compileSnippet
  api=0 type=0 insize=5040 outsize=1570 kw=DIRECTIONAL SHADOWS_OFF LIGHTMAP_OFF DIRLIGHTMAP_OFF VERTEXLIGHT_ON ok=1
Cmd: compileSnippet
  api=4 type=0 insize=5040 outsize=4719 kw=DIRECTIONAL SHADOWS_SCREEN LIGHTMAP_OFF DIRLIGHTMAP_OFF VERTEXLIGHT_ON ok=1
Cmd: compileSnippet
  api=1 type=1 insize=5040 outsize=945 kw=DIRECTIONAL SHADOWS_OFF LIGHTMAP_OFF DIRLIGHTMAP_OFF ok=1
Cmd: compileSnippet
  api=4 type=1 insize=5040 outsize=2655 kw=DIRECTIONAL SHADOWS_OFF LIGHTMAP_ON DIRLIGHTMAP_ON ok=1
Cmd: compileSnippet
  api=1 type=1 insize=5040 outsize=1045 kw=DIRECTIONAL SHADOWS_SCREEN LIGHTMAP_ON DIRLIGHTMAP_OFF ok=1
Cmd: compileSnippet
  error: 2 plat 0 at (47): function "tex2D" not supported in this profile; function "ddx" not supported in this profile; function "ddy" not supported in this profile (maybe you want #pragma glsl?)
  api=0 type=1 insize=5040 outsize=0 kw=DIRECTIONAL SHADOWS_SCREEN LIGHTMAP_ON DIRLIGHTMAP_ON ok=0
Cmd: compileSnippet
  api=4 type=1 insize=5040 outsize=3200 kw=DIRECTIONAL SHADOWS_SCREEN LIGHTMAP_ON DIRLIGHTMAP_ON ok=1
Cmd: compileSnippet
  api=0 type=0 insize=3016 outsize=564 kw=DIRECTIONAL ok=1
Cmd: compileSnippet
  api=0 type=0 insize=3016 outsize=821 kw=POINT_COOKIE ok=1
Cmd: compileSnippet
  api=0 type=0 insize=3016 outsize=779 kw=DIRECTIONAL_COOKIE ok=1
Cmd: compileSnippet
  error: 2 plat 0 at (47): function "tex2D" not supported in this profile; function "ddx" not supported in this profile; function "ddy" not supported in this profile (maybe you want #pragma glsl?)
  api=0 type=1 insize=3016 outsize=0 kw=DIRECTIONAL ok=0
Cmd: compileSnippet
  api=4 type=1 insize=3016 outsize=3322 kw=POINT_COOKIE ok=1
Cmd: compileSnippet
  api=0 type=0 insize=4725 outsize=859 kw=LIGHTMAP_ON DIRLIGHTMAP_OFF HDR_LIGHT_PREPASS_OFF ok=1
Cmd: compileSnippet
  api=4 type=0 insize=4725 outsize=2883 kw=LIGHTMAP_ON DIRLIGHTMAP_OFF HDR_LIGHT_PREPASS_OFF ok=1
Cmd: compileSnippet
  api=1 type=0 insize=4725 outsize=700 kw=LIGHTMAP_OFF DIRLIGHTMAP_OFF HDR_LIGHT_PREPASS_ON ok=1
Cmd: compileSnippet
  api=1 type=0 insize=4725 outsize=374 kw=LIGHTMAP_ON DIRLIGHTMAP_ON HDR_LIGHT_PREPASS_ON ok=1
Cmd: compileSnippet
  api=1 type=1 insize=4725 outsize=1187 kw=LIGHTMAP_ON DIRLIGHTMAP_OFF HDR_LIGHT_PREPASS_OFF ok=1
Cmd: compileSnippet
  api=1 type=1 insize=4725 outsize=964 kw=LIGHTMAP_ON DIRLIGHTMAP_ON HDR_LIGHT_PREPASS_OFF ok=1
Cmd: compileSnippet
  error: 2 plat 0 at (47): function "tex2D" not supported in this profile; function "ddx" not supported in this profile; function "ddy" not supported in this profile (maybe you want #pragma glsl?)
  api=0 type=1 insize=4725 outsize=0 kw=LIGHTMAP_OFF DIRLIGHTMAP_OFF HDR_LIGHT_PREPASS_ON ok=0
Cmd: compileSnippet
  api=1 type=1 insize=4725 outsize=1130 kw=LIGHTMAP_ON DIRLIGHTMAP_OFF HDR_LIGHT_PREPASS_ON ok=1
Cmd: compileSnippet
  api=4 type=1 insize=4725 outsize=2932 kw=LIGHTMAP_ON DIRLIGHTMAP_ON HDR_LIGHT_PREPASS_ON ok=1
Cmd: compileSnippet
  api=1 type=1 insize=952 outsize=126 kw= ok=1
Cmd: compileSnippet
  error: 2 plat 0 at (47): function "tex2D" not supported in this profile; function "ddx" not supported in this profile; function "ddy" not supported in this profile (maybe you want #pragma glsl?)
  api=0 type=1 insize=5040 outsize=0 kw=DIRECTIONAL SHADOWS_OFF LIGHTMAP_ON DIRLIGHTMAP_OFF ok=0
Cmd: compileSnippet
  error: 2 plat 0 at (47): function "tex2D" not supported in this profile; function "ddx" not supported in this profile; function "ddy" not supported in this profile (maybe you want #pragma glsl?)
  api=0 type=1 insize=5040 outsize=0 kw=DIRECTIONAL SHADOWS_SCREEN LIGHTMAP_ON DIRLIGHTMAP_OFF ok=0
Cmd: compileSnippet
  error: 2 plat 0 at (47): function "tex2D" not supported in this profile; function "ddx" not supported in this profile; function "ddy" not supported in this profile (maybe you want #pragma glsl?)
  api=0 type=1 insize=3016 outsize=0 kw=POINT_COOKIE ok=0
Cmd: compileSnippet
  error: 2 plat 0 at (47): function "tex2D" not supported in this profile; function "ddx" not supported in this profile; function "ddy" not supported in this profile (maybe you want #pragma glsl?)
  api=0 type=1 insize=4725 outsize=0 kw=LIGHTMAP_ON DIRLIGHTMAP_ON HDR_LIGHT_PREPASS_OFF ok=0
Cmd: compileSnippet
  error: 2 plat 0 at (47): function "tex2D" not supported in this profile; function "ddx" not supported in this profile; function "ddy" not supported in this profile (maybe you want #pragma glsl?)
  api=0 type=1 insize=4725 outsize=0 kw=LIGHTMAP_ON DIRLIGHTMAP_OFF HDR_LIGHT_PREPASS_ON ok=0
Unhandled exception: Readfile from pipe failed. GLE=The pipe has been ended.


Quitting shader compiler process
